0 info it worked if it ends with ok
1 verbose cli [
1 verbose cli   '/usr/local/Cellar/node/14.5.0/bin/node',
1 verbose cli   '/usr/local/bin/npm',
1 verbose cli   'run',
1 verbose cli   'server'
1 verbose cli ]
2 info using npm@6.14.5
3 info using node@v14.5.0
4 verbose run-script [ 'preserver', 'server', 'postserver' ]
5 info lifecycle my-react-app@0.1.0~preserver: my-react-app@0.1.0
6 info lifecycle my-react-app@0.1.0~server: my-react-app@0.1.0
7 verbose lifecycle my-react-app@0.1.0~server: unsafe-perm in lifecycle true
8 verbose lifecycle my-react-app@0.1.0~server: PATH: /usr/local/lib/node_modules/npm/node_modules/npm-lifecycle/node-gyp-bin:/Users/muhun/github/x86chi/my-react-app/node_modules/.bin:/Users/muhun/github/x86chi/my-react-app/node_modules/.bin:/usr/local/sbin:/usr/local/bin:/Users/muhun/.zplug/bin:/usr/local/bin:/usr/bin:/bin:/usr/sbin:/sbin:/usr/local/MacGPG2/bin:/usr/local/share/dotnet:~/.dotnet/tools:/Users/muhun/.gem/ruby/2.6.0/bin
9 verbose lifecycle my-react-app@0.1.0~server: CWD: /Users/muhun/github/x86chi/my-react-app
10 silly lifecycle my-react-app@0.1.0~server: Args: [ '-c', 'moduleserve ./ --port 8000' ]
11 timing npm Completed in 81388ms
12 error cb() never called!
13 error This is an error with npm itself. Please report this error at:
14 error <https://npm.community>
